[crimestats.co.nz/index.html]
[crimestats.co.nz/_next/static/media/636a5ac981f94f8b-s.p.woff2]
[backblue.gif]
[fade.gif]
[index.html]
[crimestats.co.nz/icon.png]
[crimestats.co.nz/_next/image8ceb.png]
[crimestats.co.nz/suburbs.html]
[crimestats.co.nz/about.html]
[crimestats.co.nz/map.html]
[crimestats.co.nz/methodology.html]
[crimestats.co.nz/_next/image4a51.png]
[crimestats.co.nz/terms.html]
[crimestats.co.nz/privacy.html]
[crimestats.co.nz/index.html]
[crimestats.co.nz/suburbs.html]
[crimestats.co.nz/about.html]
[crimestats.co.nz/map.html]
[crimestats.co.nz/methodology.html]
[crimestats.co.nz/terms.html]
[crimestats.co.nz/privacy.html]
